-------------------------------------------------------------------------------
Test set: TestSuite
-------------------------------------------------------------------------------
Tests run: 1, Failures: 1, Errors: 0, Skipped: 0, Time elapsed: 0.246 s <<< FAILURE! - in TestSuite
tests.Test1.test1_sample  Time elapsed: 0.003 s  <<< FAILURE!
java.lang.AssertionError: 
	at tests.Test1.test1_sample(Test1.java:13)

